Time taken to compute SOC integral: 1.7505879402160645s

                              SOC Matrix elements                               

Roots              ms = +1           0             -1              strength
S    T

0    1            39.62552        0.00016       39.62552           56.03894
0    2             0.01827        0.00000        0.01827            0.02583
0    3             0.00718        9.18608        0.00718            9.18608
1    1             0.00073        0.00000        0.00073            0.00103
1    2            29.73109        0.02311       29.73109           42.04611
1    3             5.14114        0.00015        5.14114            7.27068
2    1             4.57930        0.00013        4.57930            6.47611
2    2             0.00003        0.49342        0.00003            0.49342
2    3             0.00022        0.00001        0.00022            0.00032
3    1             0.51211        0.00001        0.51211            0.72423
3    2             0.00048        0.11173        0.00048            0.11173
3    3             0.00016        0.00002        0.00016            0.00022
                     

SOC Matrix elements between triplets                     

Roots                 strength
T1   T2

1    1                 0.00146
2    1                 9.15877
2    2                 0.40745
3    1                 1.04371
3    2                 0.09011
3    3                 0.00033

Total Time taken: 2.822622060775757s

